<?xml version="1.0" encoding="UTF-8"?>
<testng-results ignored="2" total="4" passed="1" failed="1" skipped="0">
  <reporter-output>
  </reporter-output>
  <suite started-at="2024-02-07T17:20:57 IST" name="Suite" finished-at="2024-02-07T17:21:16 IST" duration-ms="19276">
    <groups>
    </groups>
    <test started-at="2024-02-07T17:20:57 IST" name="Test_All" finished-at="2024-02-07T17:21:16 IST" duration-ms="19276">
      <class name="com.Mohs10.Reports.PDFReportTest">
        <test-method is-config="true" signature="beforeClass()[pri:0, instance:com.Mohs10.Reports.PDFReportTest@7a8c8dcf]" started-at="2024-02-07T17:21:13 IST" name="beforeClass" finished-at="2024-02-07T17:21:14 IST" duration-ms="1269" status="PASS">
          <reporter-output>
          </reporter-output>
        </test-method> <!-- beforeClass -->
        <test-method is-config="true" signature="methodName(java.lang.reflect.Method)[pri:0, instance:com.Mohs10.Reports.PDFReportTest@7a8c8dcf]" started-at="2024-02-07T17:21:14 IST" name="methodName" finished-at="2024-02-07T17:21:14 IST" duration-ms="1" status="PASS">
          <params>
            <param index="0">
              <value>
                <![CDATA[public void com.Mohs10.Reports.PDFReportTest.PDFreports() throws java.io.IOException]]>
              </value>
            </param>
          </params>
          <reporter-output>
          </reporter-output>
        </test-method> <!-- methodName -->
        <test-method signature="PDFreports()[pri:0, instance:com.Mohs10.Reports.PDFReportTest@7a8c8dcf]" started-at="2024-02-07T17:21:14 IST" name="PDFreports" finished-at="2024-02-07T17:21:16 IST" duration-ms="1256" status="PASS">
          <reporter-output>
          </reporter-output>
        </test-method> <!-- PDFreports -->
        <test-method is-config="true" signature="tearDown()[pri:0, instance:com.Mohs10.Reports.PDFReportTest@7a8c8dcf]" started-at="2024-02-07T17:21:16 IST" name="tearDown" finished-at="2024-02-07T17:21:16 IST" duration-ms="80" status="PASS">
          <reporter-output>
          </reporter-output>
        </test-method> <!-- tearDown -->
        <test-method is-config="true" signature="afterClass()[pri:0, instance:com.Mohs10.Reports.PDFReportTest@7a8c8dcf]" started-at="2024-02-07T17:21:16 IST" name="afterClass" finished-at="2024-02-07T17:21:16 IST" duration-ms="309" status="PASS">
          <reporter-output>
          </reporter-output>
        </test-method> <!-- afterClass -->
      </class> <!-- com.Mohs10.Reports.PDFReportTest -->
      <class name="com.Mohs10.TestScripts.Pharmacy_Superadmin">
        <test-method is-config="true" signature="loadConfig()[pri:0, instance:com.Mohs10.TestScripts.Pharmacy_Superadmin@79079097]" started-at="2024-02-07T17:20:56 IST" name="loadConfig" finished-at="2024-02-07T17:20:57 IST" duration-ms="539" status="PASS">
          <reporter-output>
          </reporter-output>
        </test-method> <!-- loadConfig -->
        <test-method is-config="true" signature="beforeClass()[pri:0, instance:com.Mohs10.TestScripts.Pharmacy_Superadmin@79079097]" started-at="2024-02-07T17:20:57 IST" name="beforeClass" finished-at="2024-02-07T17:20:59 IST" duration-ms="2355" status="PASS">
          <reporter-output>
          </reporter-output>
        </test-method> <!-- beforeClass -->
        <test-method is-config="true" signature="methodName(java.lang.reflect.Method)[pri:0, instance:com.Mohs10.TestScripts.Pharmacy_Superadmin@79079097]" started-at="2024-02-07T17:20:59 IST" name="methodName" finished-at="2024-02-07T17:20:59 IST" duration-ms="14" status="PASS">
          <params>
            <param index="0">
              <value>
                <![CDATA[public void com.Mohs10.TestScripts.Pharmacy_Superadmin.PharmacyLoginTestcase1() throws java.lang.Exception]]>
              </value>
            </param>
          </params>
          <reporter-output>
          </reporter-output>
        </test-method> <!-- methodName -->
        <test-method signature="PharmacyLoginTestcase1()[pri:1, instance:com.Mohs10.TestScripts.Pharmacy_Superadmin@79079097]" started-at="2024-02-07T17:20:59 IST" name="PharmacyLoginTestcase1" description="Register Test" finished-at="2024-02-07T17:21:12 IST" duration-ms="13101" status="FAIL">
          <exception class="org.openqa.selenium.ElementClickInterceptedException">
            <message>
              <![CDATA[element click intercepted: Element <input type="submit" class="submit" value="LOGIN"> is not clickable at point (856, 400). Other element would receive the click: <iframe id="zap-hud-management" src="https://zap//zapCallBackUrl/2303832585847693110/file/management.html?url=https://mamatva.ap-south-1.elasticbeanstalk.com/&amp;frameId=management&amp;tabId=6662066-285" scrolling="no" title="Management Area" sandbox="allow-storage-access-by-user-activation allow-scripts allow-same-origin allow-popups allow-forms allow-top-navigation" style="position: fixed; right: 0px; bottom: 50px; width: 100%; height: 100%; border: medium none; overflow: hidden; z-index: 2147483647;"></iframe>
  (Session info: chrome=121.0.6167.140)
Build info: version: '3.141.59', revision: 'e82be7d358', time: '2018-11-14T08:17:03'
System info: host: 'DESKTOP-BLPH810', ip: '192.168.56.1', os.name: 'Windows 10', os.arch: 'amd64', os.version: '10.0', java.version: '17.0.9'
Driver info: org.openqa.selenium.chrome.ChromeDriver
Capabilities {acceptInsecureCerts: true, browserName: chrome, browserVersion: 121.0.6167.140, chrome: {chromedriverVersion: 121.0.6167.85 (3f98d690ad7e..., userDataDir: C:\Windows\SystemTemp\scope...}, fedcm:accounts: true, goog:chromeOptions: {debuggerAddress: localhost:31977}, javascriptEnabled: true, networkConnectionEnabled: false, pageLoadStrategy: normal, platform: WINDOWS, platformName: WINDOWS, proxy: Proxy(manual, http=localhos..., setWindowRect: true, strictFileInteractability: false, timeouts: {implicit: 0, pageLoad: 300000, script: 30000}, unhandledPromptBehavior: dismiss and notify, webauthn:extension:credBlob: true, webauthn:extension:largeBlob: true, webauthn:extension:minPinLength: true, webauthn:extension:prf: true, webauthn:virtualAuthenticators: true}
Session ID: bb442a886b2d25a451721ec8c030d100]]>
            </message>
            <full-stacktrace>
              <![CDATA[org.openqa.selenium.ElementClickInterceptedException: element click intercepted: Element <input type="submit" class="submit" value="LOGIN"> is not clickable at point (856, 400). Other element would receive the click: <iframe id="zap-hud-management" src="https://zap//zapCallBackUrl/2303832585847693110/file/management.html?url=https://mamatva.ap-south-1.elasticbeanstalk.com/&amp;frameId=management&amp;tabId=6662066-285" scrolling="no" title="Management Area" sandbox="allow-storage-access-by-user-activation allow-scripts allow-same-origin allow-popups allow-forms allow-top-navigation" style="position: fixed; right: 0px; bottom: 50px; width: 100%; height: 100%; border: medium none; overflow: hidden; z-index: 2147483647;"></iframe>
  (Session info: chrome=121.0.6167.140)
Build info: version: '3.141.59', revision: 'e82be7d358', time: '2018-11-14T08:17:03'
System info: host: 'DESKTOP-BLPH810', ip: '192.168.56.1', os.name: 'Windows 10', os.arch: 'amd64', os.version: '10.0', java.version: '17.0.9'
Driver info: org.openqa.selenium.chrome.ChromeDriver
Capabilities {acceptInsecureCerts: true, browserName: chrome, browserVersion: 121.0.6167.140, chrome: {chromedriverVersion: 121.0.6167.85 (3f98d690ad7e..., userDataDir: C:\Windows\SystemTemp\scope...}, fedcm:accounts: true, goog:chromeOptions: {debuggerAddress: localhost:31977}, javascriptEnabled: true, networkConnectionEnabled: false, pageLoadStrategy: normal, platform: WINDOWS, platformName: WINDOWS, proxy: Proxy(manual, http=localhos..., setWindowRect: true, strictFileInteractability: false, timeouts: {implicit: 0, pageLoad: 300000, script: 30000}, unhandledPromptBehavior: dismiss and notify, webauthn:extension:credBlob: true, webauthn:extension:largeBlob: true, webauthn:extension:minPinLength: true, webauthn:extension:prf: true, webauthn:virtualAuthenticators: true}
Session ID: bb442a886b2d25a451721ec8c030d100
at java.base/jdk.internal.reflect.NativeConstructorAccessorImpl.newInstance0(Native Method)
at java.base/jdk.internal.reflect.NativeConstructorAccessorImpl.newInstance(NativeConstructorAccessorImpl.java:77)
at java.base/jdk.internal.reflect.DelegatingConstructorAccessorImpl.newInstance(DelegatingConstructorAccessorImpl.java:45)
at java.base/java.lang.reflect.Constructor.newInstanceWithCaller(Constructor.java:499)
at java.base/java.lang.reflect.Constructor.newInstance(Constructor.java:480)
at org.openqa.selenium.remote.http.W3CHttpResponseCodec.createException(W3CHttpResponseCodec.java:187)
at org.openqa.selenium.remote.http.W3CHttpResponseCodec.decode(W3CHttpResponseCodec.java:122)
at org.openqa.selenium.remote.http.W3CHttpResponseCodec.decode(W3CHttpResponseCodec.java:49)
at org.openqa.selenium.remote.HttpCommandExecutor.execute(HttpCommandExecutor.java:158)
at org.openqa.selenium.remote.service.DriverCommandExecutor.execute(DriverCommandExecutor.java:83)
at org.openqa.selenium.remote.RemoteWebDriver.execute(RemoteWebDriver.java:552)
at org.openqa.selenium.remote.RemoteWebElement.execute(RemoteWebElement.java:285)
at org.openqa.selenium.remote.RemoteWebElement.click(RemoteWebElement.java:84)
at com.Mohs10.Base.Action.click(Action.java:59)
at com.Mohs10.Functions.CommonFuns.MamatvaLogin(CommonFuns.java:101)
at com.Mohs10.TestScripts.Pharmacy_Superadmin.PharmacyLoginTestcase1(Pharmacy_Superadmin.java:62)
at java.base/jdk.internal.reflect.NativeMethodAccessorImpl.invoke0(Native Method)
at java.base/jdk.internal.reflect.NativeMethodAccessorImpl.invoke(NativeMethodAccessorImpl.java:77)
at java.base/jdk.internal.reflect.DelegatingMethodAccessorImpl.invoke(DelegatingMethodAccessorImpl.java:43)
at java.base/java.lang.reflect.Method.invoke(Method.java:568)
at org.testng.internal.MethodInvocationHelper.invokeMethod(MethodInvocationHelper.java:133)
at org.testng.internal.TestInvoker.invokeMethod(TestInvoker.java:598)
at org.testng.internal.TestInvoker.invokeTestMethod(TestInvoker.java:173)
at org.testng.internal.MethodRunner.runInSequence(MethodRunner.java:46)
at org.testng.internal.TestInvoker$MethodInvocationAgent.invoke(TestInvoker.java:824)
at org.testng.internal.TestInvoker.invokeTestMethods(TestInvoker.java:146)
at org.testng.internal.TestMethodWorker.invokeTestMethods(TestMethodWorker.java:146)
at org.testng.internal.TestMethodWorker.run(TestMethodWorker.java:128)
at java.base/java.util.ArrayList.forEach(ArrayList.java:1511)
at org.testng.TestRunner.privateRun(TestRunner.java:794)
at org.testng.TestRunner.run(TestRunner.java:596)
at org.testng.SuiteRunner.runTest(SuiteRunner.java:377)
at org.testng.SuiteRunner.runSequentially(SuiteRunner.java:371)
at org.testng.SuiteRunner.privateRun(SuiteRunner.java:332)
at org.testng.SuiteRunner.run(SuiteRunner.java:276)
at org.testng.SuiteRunnerWorker.runSuite(SuiteRunnerWorker.java:53)
at org.testng.SuiteRunnerWorker.run(SuiteRunnerWorker.java:96)
at org.testng.TestNG.runSuitesSequentially(TestNG.java:1212)
at org.testng.TestNG.runSuitesLocally(TestNG.java:1134)
at org.testng.TestNG.runSuites(TestNG.java:1063)
at org.testng.TestNG.run(TestNG.java:1031)
at org.testng.remote.AbstractRemoteTestNG.run(AbstractRemoteTestNG.java:115)
at org.testng.remote.RemoteTestNG.initAndRun(RemoteTestNG.java:251)
at org.testng.remote.RemoteTestNG.main(RemoteTestNG.java:77)
]]>
            </full-stacktrace>
          </exception> <!-- org.openqa.selenium.ElementClickInterceptedException -->
          <reporter-output>
          </reporter-output>
        </test-method> <!-- PharmacyLoginTestcase1 -->
        <test-method is-config="true" signature="tearDown()[pri:0, instance:com.Mohs10.TestScripts.Pharmacy_Superadmin@79079097]" started-at="2024-02-07T17:21:13 IST" name="tearDown" finished-at="2024-02-07T17:21:13 IST" duration-ms="51" status="PASS">
          <reporter-output>
          </reporter-output>
        </test-method> <!-- tearDown -->
        <test-method is-config="true" signature="afterClass()[pri:0, instance:com.Mohs10.TestScripts.Pharmacy_Superadmin@79079097]" started-at="2024-02-07T17:21:13 IST" name="afterClass" finished-at="2024-02-07T17:21:13 IST" duration-ms="463" status="PASS">
          <reporter-output>
          </reporter-output>
        </test-method> <!-- afterClass -->
        <test-method is-config="true" signature="afterSuite()[pri:0, instance:com.Mohs10.TestScripts.Pharmacy_Superadmin@79079097]" started-at="2024-02-07T17:21:16 IST" name="afterSuite" finished-at="2024-02-07T17:21:17 IST" duration-ms="20" status="PASS">
          <reporter-output>
          </reporter-output>
        </test-method> <!-- afterSuite -->
      </class> <!-- com.Mohs10.TestScripts.Pharmacy_Superadmin -->
    </test> <!-- Test_All -->
  </suite> <!-- Suite -->
</testng-results>
